# JRE version: OpenJDK Runtime Environment (11.0.12+7) (build 11.0.12+7-b1504.28-7817840)
# Java VM: OpenJDK 64-Bit Server VM (11.0.12+7-b1504.28-7817840, mixed mode, tiered, compressed oops, g1 gc, windows-amd64)
Heap:
 garbage-first heap   total 264192K, used 165777K [0x0000000080000000, 0x0000000100000000)
  region size 1024K, 2 young (2048K), 1 survivors (1024K)
 Metaspace       used 141502K, capacity 144759K, committed 144896K, reserved 1179648K
  class space    used 18217K, capacity 19414K, committed 19456K, reserved 1048576K
GC Heap History (20 events):
Event: 513.207 GC heap before
{Heap before GC invocations=77 (full 0):
 garbage-first heap   total 220160K, used 188860K [0x0000000080000000, 0x0000000100000000)
  region size 1024K, 35 young (35840K), 5 survivors (5120K)
 Metaspace       used 133596K, capacity 136752K, committed 137088K, reserved 1167360K
  class space    used 17343K, capacity 18445K, committed 18560K, reserved 1048576K
}
Event: 513.222 GC heap after
{Heap after GC invocations=78 (full 0):
 garbage-first heap   total 220160K, used 163590K [0x0000000080000000, 0x0000000100000000)
  region size 1024K, 5 young (5120K), 5 survivors (5120K)
 Metaspace       used 133596K, capacity 136752K, committed 137088K, reserved 1167360K
  class space    used 17343K, capacity 18445K, committed 18560K, reserved 1048576K
}
Event: 513.489 GC heap before
{Heap before GC invocations=79 (full 0):
 garbage-first heap   total 220160K, used 188166K [0x0000000080000000, 0x0000000100000000)
  region size 1024K, 30 young (30720K), 5 survivors (5120K)
 Metaspace       used 133611K, capacity 136756K, committed 137088K, reserved 1167360K
  class space    used 17343K, capacity 18445K, committed 18560K, reserved 1048576K
}
Event: 513.499 GC heap after
{Heap after GC invocations=80 (full 0):
 garbage-first heap   total 220160K, used 166799K [0x0000000080000000, 0x0000000100000000)
  region size 1024K, 4 young (4096K), 4 survivors (4096K)
 Metaspace       used 133611K, capacity 136756K, committed 137088K, reserved 1167360K
  class space    used 17343K, capacity 18445K, committed 18560K, reserved 1048576K
}
Event: 513.544 GC heap before
{Heap before GC invocations=80 (full 0):
 garbage-first heap   total 220160K, used 172943K [0x0000000080000000, 0x0000000100000000)
  region size 1024K, 10 young (10240K), 4 survivors (4096K)
 Metaspace       used 133644K, capacity 136794K, committed 137088K, reserved 1167360K
  class space    used 17345K, capacity 18477K, committed 18560K, reserved 1048576K
}
Event: 513.560 GC heap after
{Heap after GC invocations=81 (full 0):
 garbage-first heap   total 220160K, used 165240K [0x0000000080000000, 0x0000000100000000)
  region size 1024K, 2 young (2048K), 2 survivors (2048K)
 Metaspace       used 133644K, capacity 136794K, committed 137088K, reserved 1167360K
  class space    used 17345K, capacity 18477K, committed 18560K, reserved 1048576K
}
Event: 513.860 GC heap before
{Heap before GC invocations=81 (full 0):
 garbage-first heap   total 220160K, used 186744K [0x0000000080000000, 0x0000000100000000)
  region size 1024K, 24 young (24576K), 2 survivors (2048K)
 Metaspace       used 133961K, capacity 137105K, committed 137344K, reserved 1167360K
  class space    used 17378K, capacity 18510K, committed 18560K, reserved 1048576K
}
Event: 513.866 GC heap after
{Heap after GC invocations=82 (full 0):
 garbage-first heap   total 220160K, used 167936K [0x0000000080000000, 0x0000000100000000)
  region size 1024K, 3 young (3072K), 3 survivors (3072K)
 Metaspace       used 133961K, capacity 137105K, committed 137344K, reserved 1167360K
  class space    used 17378K, capacity 18510K, committed 18560K, reserved 1048576K
}
Event: 514.340 GC heap before
{Heap before GC invocations=83 (full 0):
 garbage-first heap   total 220160K, used 189440K [0x0000000080000000, 0x0000000100000000)
  region size 1024K, 25 young (25600K), 3 survivors (3072K)
 Metaspace       used 134280K, capacity 137444K, committed 137600K, reserved 1169408K
  class space    used 17418K, capacity 18536K, committed 18560K, reserved 1048576K
}
Event: 514.347 GC heap after
{Heap after GC invocations=84 (full 0):
 garbage-first heap   total 220160K, used 169550K [0x0000000080000000, 0x0000000100000000)
  region size 1024K, 2 young (2048K), 2 survivors (2048K)
 Metaspace       used 134280K, capacity 137444K, committed 137600K, reserved 1169408K
  class space    used 17418K, capacity 18536K, committed 18560K, reserved 1048576K
}
Event: 514.572 GC heap before
{Heap before GC invocations=84 (full 0):
 garbage-first heap   total 220160K, used 177742K [0x0000000080000000, 0x0000000100000000)
  region size 1024K, 10 young (10240K), 2 survivors (2048K)
 Metaspace       used 134328K, capacity 137517K, committed 137600K, reserved 1169408K
  class space    used 17419K, capacity 18536K, committed 18560K, reserved 1048576K
}
Event: 514.588 GC heap after
{Heap after GC invocations=85 (full 0):
 garbage-first heap   total 220160K, used 167443K [0x0000000080000000, 0x0000000100000000)
  region size 1024K, 2 young (2048K), 2 survivors (2048K)
 Metaspace       used 134328K, capacity 137517K, committed 137600K, reserved 1169408K
  class space    used 17419K, capacity 18536K, committed 18560K, reserved 1048576K
}
Event: 515.104 GC heap before
{Heap before GC invocations=85 (full 0):
 garbage-first heap   total 220160K, used 187923K [0x0000000080000000, 0x0000000100000000)
  region size 1024K, 23 young (23552K), 2 survivors (2048K)
 Metaspace       used 135137K, capacity 138275K, committed 138496K, reserved 1169408K
  class space    used 17483K, capacity 18615K, committed 18688K, reserved 1048576K
}
Event: 515.125 GC heap after
{Heap after GC invocations=86 (full 0):
 garbage-first heap   total 264192K, used 170809K [0x0000000080000000, 0x0000000100000000)
  region size 1024K, 3 young (3072K), 3 survivors (3072K)
 Metaspace       used 135137K, capacity 138275K, committed 138496K, reserved 1169408K
  class space    used 17483K, capacity 18615K, committed 18688K, reserved 1048576K
}
Event: 750.558 GC heap before
{Heap before GC invocations=87 (full 0):
 garbage-first heap   total 264192K, used 210745K [0x0000000080000000, 0x0000000100000000)
  region size 1024K, 42 young (43008K), 3 survivors (3072K)
 Metaspace       used 135505K, capacity 138757K, committed 139008K, reserved 1169408K
  class space    used 17514K, capacity 18677K, committed 18688K, reserved 1048576K
}
Event: 750.948 GC heap after
{Heap after GC invocations=88 (full 0):
 garbage-first heap   total 264192K, used 174891K [0x0000000080000000, 0x0000000100000000)
  region size 1024K, 6 young (6144K), 6 survivors (6144K)
 Metaspace       used 135505K, capacity 138757K, committed 139008K, reserved 1169408K
  class space    used 17514K, capacity 18677K, committed 18688K, reserved 1048576K
}
Event: 751.780 GC heap before
{Heap before GC invocations=88 (full 0):
 garbage-first heap   total 264192K, used 213803K [0x0000000080000000, 0x0000000100000000)
  region size 1024K, 44 young (45056K), 6 survivors (6144K)
 Metaspace       used 135603K, capacity 138842K, committed 139008K, reserved 1169408K
  class space    used 17520K, capacity 18681K, committed 18688K, reserved 1048576K
}
Event: 751.863 GC heap after
{Heap after GC invocations=89 (full 0):
 garbage-first heap   total 264192K, used 175907K [0x0000000080000000, 0x0000000100000000)
  region size 1024K, 2 young (2048K), 2 survivors (2048K)
 Metaspace       used 135603K, capacity 138842K, committed 139008K, reserved 1169408K
  class space    used 17520K, capacity 18681K, committed 18688K, reserved 1048576K
}
Event: 887.959 GC heap before
{Heap before GC invocations=90 (full 0):
 garbage-first heap   total 264192K, used 209676K [0x0000000080000000, 0x0000000100000000)
  region size 1024K, 36 young (36864K), 2 survivors (2048K)
 Metaspace       used 139635K, capacity 142822K, committed 142976K, reserved 1179648K
  class space    used 18047K, capacity 19216K, committed 19328K, reserved 1048576K
}
Event: 888.127 GC heap after
{Heap after GC invocations=91 (full 0):
 garbage-first heap   total 264192K, used 176234K [0x0000000080000000, 0x0000000100000000)
  region size 1024K, 3 young (3072K), 3 survivors (3072K)
 Metaspace       used 139635K, capacity 142822K, committed 142976K, reserved 1179648K
  class space    used 18047K, capacity 19216K, committed 19328K, reserved 1048576K
}

